0 info it worked if it ends with ok
1 verbose cli [ 'node', '/usr/local/bin/npm', 'install', 'fis-plus', '-g' ]
2 info using npm@2.11.2
3 info using node@v0.12.6
4 verbose install initial load of /usr/local/lib/package.json
5 verbose readDependencies loading dependencies from /usr/local/lib/package.json
6 silly cache add args [ 'fis-plus', null ]
7 verbose cache add spec fis-plus
8 silly cache add parsed spec { raw: 'fis-plus',
8 silly cache add   scope: null,
8 silly cache add   name: 'fis-plus',
8 silly cache add   rawSpec: '',
8 silly cache add   spec: '*',
8 silly cache add   type: 'range' }
9 silly addNamed fis-plus@*
10 verbose addNamed "*" is a valid semver range for fis-plus
11 silly addNameRange { name: 'fis-plus', range: '*', hasData: false }
12 silly mapToRegistry name fis-plus
13 silly mapToRegistry using default registry
14 silly mapToRegistry registry https://registry.npmjs.org/
15 silly mapToRegistry uri https://registry.npmjs.org/fis-plus
16 verbose addNameRange registry:https://registry.npmjs.org/fis-plus not in flight; fetching
17 verbose request uri https://registry.npmjs.org/fis-plus
18 verbose request no auth needed
19 info attempt registry request try #1 at 13:40:19
20 verbose request id f5874843abf14561
21 http request GET https://registry.npmjs.org/fis-plus
22 http 200 https://registry.npmjs.org/fis-plus
23 silly get cb [ 200,
23 silly get   { server: 'CouchDB/1.5.0 (Erlang OTP/R16B03)',
23 silly get     etag: '"76VDOA39S1KD9LZRUUCHQ945W"',
23 silly get     'content-type': 'application/json',
23 silly get     'cache-control': 'max-age=60',
23 silly get     'content-length': '54491',
23 silly get     'accept-ranges': 'bytes',
23 silly get     date: 'Mon, 20 Jul 2015 05:40:22 GMT',
23 silly get     via: '1.1 varnish',
23 silly get     age: '0',
23 silly get     connection: 'keep-alive',
23 silly get     'x-served-by': 'cache-bma7029-BMA',
23 silly get     'x-cache': 'MISS',
23 silly get     'x-cache-hits': '0',
23 silly get     'x-timer': 'S1437370822.172496,VS0,VE745',
23 silly get     vary: 'Accept' } ]
24 verbose get saving fis-plus to /Users/kenny/.npm/registry.npmjs.org/fis-plus/.cache.json
25 silly addNameRange number 2 { name: 'fis-plus', range: '*', hasData: true }
26 silly addNameRange versions [ 'fis-plus',
26 silly addNameRange   [ '0.4.6',
26 silly addNameRange     '0.4.7',
26 silly addNameRange     '0.4.8',
26 silly addNameRange     '0.4.9',
26 silly addNameRange     '0.5.0',
26 silly addNameRange     '0.5.1',
26 silly addNameRange     '0.5.2',
26 silly addNameRange     '0.5.3',
26 silly addNameRange     '0.5.4',
26 silly addNameRange     '0.5.5',
26 silly addNameRange     '0.5.6',
26 silly addNameRange     '0.5.7',
26 silly addNameRange     '0.5.8',
26 silly addNameRange     '0.5.9',
26 silly addNameRange     '0.6.0',
26 silly addNameRange     '0.6.1',
26 silly addNameRange     '0.6.2',
26 silly addNameRange     '0.6.3',
26 silly addNameRange     '0.6.4',
26 silly addNameRange     '0.6.5',
26 silly addNameRange     '0.6.6',
26 silly addNameRange     '0.6.7',
26 silly addNameRange     '0.6.8',
26 silly addNameRange     '0.6.9',
26 silly addNameRange     '0.7.0',
26 silly addNameRange     '0.7.1',
26 silly addNameRange     '0.7.2',
26 silly addNameRange     '0.7.4',
26 silly addNameRange     '0.7.5',
26 silly addNameRange     '0.8.1',
26 silly addNameRange     '0.8.2',
26 silly addNameRange     '0.8.3',
26 silly addNameRange     '0.8.4',
26 silly addNameRange     '0.8.5',
26 silly addNameRange     '0.8.6',
26 silly addNameRange     '0.8.7',
26 silly addNameRange     '0.8.9',
26 silly addNameRange     '0.8.10' ] ]
27 silly addNamed fis-plus@0.8.10
28 verbose addNamed "0.8.10" is a plain semver version for fis-plus
29 silly mapToRegistry name fis-plus
30 silly mapToRegistry using default registry
31 silly mapToRegistry registry https://registry.npmjs.org/
32 silly mapToRegistry uri https://registry.npmjs.org/fis-plus
33 verbose addRemoteTarball https://registry.npmjs.org/fis-plus/-/fis-plus-0.8.10.tgz not in flight; adding
34 verbose addRemoteTarball [ 'https://registry.npmjs.org/fis-plus/-/fis-plus-0.8.10.tgz',
34 verbose addRemoteTarball   '5db0cf68961803a34bb4079b880b246f1820dc59' ]
35 info retry fetch attempt 1 at 13:40:23
36 info attempt registry request try #1 at 13:40:23
37 http fetch GET https://registry.npmjs.org/fis-plus/-/fis-plus-0.8.10.tgz
38 http fetch 200 https://registry.npmjs.org/fis-plus/-/fis-plus-0.8.10.tgz
39 silly fetchAndShaCheck shasum 5db0cf68961803a34bb4079b880b246f1820dc59
40 verbose addTmpTarball /var/folders/5z/p51yypsj43d5ppfgf6vf90880000gn/T/npm-1491-5df1fb6f/registry.npmjs.org/fis-plus/-/fis-plus-0.8.10.tgz not in flight; adding
41 verbose addTmpTarball already have metadata; skipping unpack for fis-plus@0.8.10
42 silly cache afterAdd fis-plus@0.8.10
43 verbose afterAdd /Users/kenny/.npm/fis-plus/0.8.10/package/package.json not in flight; writing
44 verbose afterAdd /Users/kenny/.npm/fis-plus/0.8.10/package/package.json written
45 silly install resolved [ { name: 'fis-plus',
45 silly install resolved     version: '0.8.10',
45 silly install resolved     description: 'Front End Integrated Solution for PC',
45 silly install resolved     main: 'fis-plus.js',
45 silly install resolved     bin:
45 silly install resolved      { 'fis-plus': 'bin/fis-plus',
45 silly install resolved        'fis-pc': 'bin/fis-plus',
45 silly install resolved        fisp: 'bin/fis-plus' },
45 silly install resolved     scripts: { test: 'echo "Error: no test specified" && exit 1' },
45 silly install resolved     repository: { type: 'git', url: 'https://github.com/fex-team/fis-plus.git' },
45 silly install resolved     dependencies:
45 silly install resolved      { fis: '1.9.21',
45 silly install resolved        'fis-preprocessor-extlang': '0.0.8',
45 silly install resolved        'fis-prepackager-widget-inline': '0.0.9',
45 silly install resolved        'fis-postprocessor-require-async': '0.0.9',
45 silly install resolved        'fis-optimizer-smarty-xss': '0.1.3',
45 silly install resolved        'fis-optimizer-html-compress': '0.0.7',
45 silly install resolved        'fis-parser-bdtmpl': '0.0.3',
45 silly install resolved        'fis-parser-less': '0.1.2',
45 silly install resolved        'fis-parser-po': '0.0.1',
45 silly install resolved        'fis-prepackager-js-i18n': '0.0.2',
45 silly install resolved        'fisp-command-init': '~0.1.0' },
45 silly install resolved     keywords: [ 'fis', 'fis-pc', 'fis-plus' ],
45 silly install resolved     author: { name: 'fis' },
45 silly install resolved     license: 'MIT',
45 silly install resolved     gitHead: 'bbae6e095abd76371db051784179deeca618b3ac',
45 silly install resolved     bugs: { url: 'https://github.com/fex-team/fis-plus/issues' },
45 silly install resolved     homepage: 'https://github.com/fex-team/fis-plus',
45 silly install resolved     _id: 'fis-plus@0.8.10',
45 silly install resolved     _shasum: '5db0cf68961803a34bb4079b880b246f1820dc59',
45 silly install resolved     _from: 'fis-plus@*',
45 silly install resolved     _npmVersion: '2.7.3',
45 silly install resolved     _nodeVersion: '0.10.35',
45 silly install resolved     _npmUser: { name: 'fis-dev', email: 'fansekey@gmail.com' },
45 silly install resolved     dist:
45 silly install resolved      { shasum: '5db0cf68961803a34bb4079b880b246f1820dc59',
45 silly install resolved        tarball: 'http://registry.npmjs.org/fis-plus/-/fis-plus-0.8.10.tgz' },
45 silly install resolved     maintainers: [ [Object], [Object], [Object], [Object], [Object] ],
45 silly install resolved     directories: {},
45 silly install resolved     _resolved: 'https://registry.npmjs.org/fis-plus/-/fis-plus-0.8.10.tgz' } ]
46 info install fis-plus@0.8.10 into /usr/local/lib
47 info installOne fis-plus@0.8.10
48 verbose installOne of fis-plus to /usr/local/lib not in flight; installing
49 verbose lock using /Users/kenny/.npm/_locks/fis-plus-8d6f5ff20c1504c9.lock for /usr/local/lib/node_modules/fis-plus
50 silly install write writing fis-plus 0.8.10 to /usr/local/lib/node_modules/fis-plus
51 verbose unbuild lib/node_modules/fis-plus
52 silly gentlyRm /usr/local/lib/node_modules/fis-plus is being purged from base /usr/local
53 verbose gentlyRm don't care about contents; nuking /usr/local/lib/node_modules/fis-plus
54 verbose tar unpack /Users/kenny/.npm/fis-plus/0.8.10/package.tgz
55 verbose tar unpacking to /usr/local/lib/node_modules/fis-plus
56 silly gentlyRm /usr/local/lib/node_modules/fis-plus is being purged
57 verbose gentlyRm don't care about contents; nuking /usr/local/lib/node_modules/fis-plus
58 silly gunzTarPerm modes [ '755', '644' ]
59 error tar.unpack untar error /Users/kenny/.npm/fis-plus/0.8.10/package.tgz
60 verbose unlock done using /Users/kenny/.npm/_locks/fis-plus-8d6f5ff20c1504c9.lock for /usr/local/lib/node_modules/fis-plus
61 verbose fstream_path /usr/local/lib/node_modules/fis-plus
62 verbose fstream_type Directory
63 verbose fstream_class DirWriter
64 verbose stack Error: EACCES, mkdir '/usr/local/lib/node_modules/fis-plus'
64 verbose stack     at Error (native)
65 verbose fstream_stack /usr/local/lib/node_modules/npm/node_modules/fstream/lib/dir-writer.js:35:25
65 verbose fstream_stack /usr/local/lib/node_modules/npm/node_modules/mkdirp/index.js:47:53
65 verbose fstream_stack FSReqWrap.oncomplete (fs.js:95:15)
66 verbose cwd /Users/kenny/fis3/fis3-plus/www
67 error Darwin 14.4.0
68 error argv "node" "/usr/local/bin/npm" "install" "fis-plus" "-g"
69 error node v0.12.6
70 error npm  v2.11.2
71 error path /usr/local/lib/node_modules/fis-plus
72 error code EACCES
73 error errno -13
74 error Error: EACCES, mkdir '/usr/local/lib/node_modules/fis-plus'
74 error     at Error (native)
74 error  { [Error: EACCES, mkdir '/usr/local/lib/node_modules/fis-plus']
74 error   errno: -13,
74 error   code: 'EACCES',
74 error   path: '/usr/local/lib/node_modules/fis-plus',
74 error   fstream_type: 'Directory',
74 error   fstream_path: '/usr/local/lib/node_modules/fis-plus',
74 error   fstream_class: 'DirWriter',
74 error   fstream_stack:
74 error    [ '/usr/local/lib/node_modules/npm/node_modules/fstream/lib/dir-writer.js:35:25',
74 error      '/usr/local/lib/node_modules/npm/node_modules/mkdirp/index.js:47:53',
74 error      'FSReqWrap.oncomplete (fs.js:95:15)' ] }
75 error Please try running this command again as root/Administrator.
76 verbose exit [ -13, true ]
77 verbose unbuild lib/node_modules/fis-plus
78 silly gentlyRm /usr/local/lib/node_modules/fis-plus is being purged from base /usr/local
79 verbose gentlyRm don't care about contents; nuking /usr/local/lib/node_modules/fis-plus
